<?xml version="1.0" encoding="UTF-8"?>
<testng-results ignored="1" total="2" passed="1" failed="0" skipped="0">
  <reporter-output>
  </reporter-output>
  <suite started-at="2022-06-03T12:03:16 IST" name="Default suite" finished-at="2022-06-03T12:03:33 IST" duration-ms="16723">
    <groups>
    </groups>
    <test started-at="2022-06-03T12:03:16 IST" name="Default test" finished-at="2022-06-03T12:03:33 IST" duration-ms="16723">
      <class name="com.hybrid.testcases.AllProductsPage">
        <test-method is-config="true" signature="setup()[pri:0, instance:com.hybrid.testcases.AllProductsPage@1a942c18]" started-at="2022-06-03T12:03:16 IST" name="setup" finished-at="2022-06-03T12:03:23 IST" duration-ms="6714" status="PASS">
          <reporter-output>
          </reporter-output>
        </test-method> <!-- setup -->
        <test-method signature="purchaseproduct()[pri:0, instance:com.hybrid.testcases.AllProductsPage@1a942c18]" started-at="2022-06-03T12:03:23 IST" name="purchaseproduct" finished-at="2022-06-03T12:03:32 IST" duration-ms="9600" status="PASS">
          <reporter-output>
          </reporter-output>
        </test-method> <!-- purchaseproduct -->
        <test-method is-config="true" signature="tearDown()[pri:0, instance:com.hybrid.testcases.AllProductsPage@1a942c18]" started-at="2022-06-03T12:03:32 IST" name="tearDown" finished-at="2022-06-03T12:03:33 IST" duration-ms="330" status="PASS">
          <reporter-output>
          </reporter-output>
        </test-method> <!-- tearDown -->
      </class> <!-- com.hybrid.testcases.AllProductsPage -->
    </test> <!-- Default test -->
  </suite> <!-- Default suite -->
</testng-results>
