<?xml version="1.0" encoding="UTF-8"?>
<!-- Generated by org.testng.reporters.JUnitXMLReporter -->
<testsuite ignored="1" hostname="DESKTOP-5MGC367" failures="0" tests="1" name="Default test" time="16.723" errors="0" timestamp="2022-06-03T12:03:33 IST">
  <testcase classname="com.hybrid.testcases.AllProductsPage" name="purchaseproduct" time="9.6"/>
  <testcase classname="com.hybrid.testcases.AllProductsPage" name="selectProduct" time="0.0">
    <ignored/>
  </testcase> <!-- selectProduct -->
</testsuite> <!-- Default test -->
