<?xml version="1.0" encoding="UTF-8"?>
<!-- Generated by org.testng.reporters.JUnitXMLReporter -->
<testsuite ignored="0" hostname="DESKTOP-5MGC367" failures="0" tests="4" name="Application Test" time="30.285" errors="0" timestamp="2022-06-04T12:06:16 IST">
  <testcase classname="com.hybrid.overview.LoginTests" name="testLogin" time="3.215"/>
  <testcase classname="com.hybrid.testcases.Demo" name="demo" time="1.823"/>
  <testcase classname="com.hybrid.testcases.AllProductsTest" name="purchaseproduct" time="10.0"/>
  <testcase classname="com.hybrid.testcases.AllProductsTest" name="selectProduct" time="3.729"/>
</testsuite> <!-- Application Test -->
